2020-11-30 14:16:41|   0.0|  0.0|INFORM|FME 2020.1.1.1 (20200817 - Build 20614 - WIN64)
2020-11-30 14:16:41|   0.0|  0.0|INFORM|FME_HOME is 'C:\Program Files\FME\'
2020-11-30 14:16:41|   0.0|  0.0|INFORM|FME Desktop ESRI Edition (floating), FME Database Edition (node locked-crc)
2020-11-30 14:16:41|   0.0|  0.0|INFORM|Serial Number: 0
2020-11-30 14:16:41|   0.0|  0.0|INFORM|Temporary License: 23 days left.
2020-11-30 14:16:41|   0.0|  0.0|INFORM|Machine host name is: MCO-4006
2020-11-30 14:16:41|   0.0|  0.0|INFORM|START - ProcessID: 13056, peak process memory usage: 38076 kB, current process memory usage: 38076 kB
2020-11-30 14:16:41|   0.0|  0.0|INFORM|FME Configuration: Command line arguments are `C:\Program Files\FME\fme.exe' `C:/Users/rmbp/GIS-project/FYS-STK4155_project3/prediction_sets\wb-xlate-1606742197619_13976' `LOG_STANDARDOUT' `YES' `LogCountServerName' `{cc93e25c-9ebf-4ad1-b64a-c74056c42cee}'
2020-11-30 14:16:41|   0.0|  0.0|INFORM|FME Configuration: Connection Storage: 'C:\Users\rmbp\AppData\Roaming\Safe Software\FME\'
2020-11-30 14:16:42|   0.7|  0.6|INFORM|Shared folders for formats are : C:\Program Files\FME\datasources;C:\Users\rmbp\Documents\FME\Formats
2020-11-30 14:16:42|   0.7|  0.0|INFORM|Shared folders for transformers are : C:\Users\rmbp\AppData\Roaming\Safe Software\FME\Packages\20614-win64\transformers;C:\Program Files\FME\transformers;C:\Users\rmbp\AppData\Roaming\Safe Software\FME\FME Store\Transformers
2020-11-30 14:16:42|   0.7|  0.0|INFORM|Shared folders for coordinate systems are : C:\Users\rmbp\Documents\FME\CoordinateSystems
2020-11-30 14:16:42|   0.7|  0.0|INFORM|Shared folders for coordinate system exceptions are : C:\Users\rmbp\Documents\FME\CoordinateSystemExceptions
2020-11-30 14:16:42|   0.7|  0.0|INFORM|Shared folders for coordinate system grid overrides are : C:\Users\rmbp\Documents\FME\CoordinateSystemGridOverrides
2020-11-30 14:16:42|   0.7|  0.0|INFORM|Shared folders for CS-MAP transformation exceptions are : C:\Users\rmbp\Documents\FME\CsmapTransformationExceptions
2020-11-30 14:16:42|   0.7|  0.0|INFORM|Shared folders for transformer categories are : C:\Users\rmbp\Documents\FME\TransformerCategories
2020-11-30 14:16:42|   0.7|  0.0|INFORM|FME Configuration: Reader Keyword is `MULTI_READER'
2020-11-30 14:16:42|   0.7|  0.0|INFORM|FME Configuration: Writer Keyword is `MULTI_WRITER'
2020-11-30 14:16:42|   0.7|  0.0|INFORM|FME Configuration: Writer Group Definition Keyword is `MULTI_WRITER_DEF'
2020-11-30 14:16:42|   0.7|  0.0|INFORM|FME Configuration: Reader type is `MULTI_READER'
2020-11-30 14:16:42|   0.7|  0.0|INFORM|FME Configuration: Writer type is `MULTI_WRITER'
2020-11-30 14:16:42|   0.7|  0.0|INFORM|FME Configuration: No destination coordinate system set
2020-11-30 14:16:42|   0.7|  0.0|INFORM|FME Configuration: Current working folder is `C:\Users\rmbp\GIS-project\FYS-STK4155_project3\prediction_sets'
2020-11-30 14:16:42|   0.7|  0.0|INFORM|FME Configuration: Temporary folder is `C:\Users\rmbp\AppData\Local\Temp\wbrun_1606740090241_13976\fmetmp_1606742200923_13976', set from environment variable `FME_TEMP'
2020-11-30 14:16:42|   0.7|  0.0|INFORM|FME Configuration: FME_HOME is `C:\Program Files\FME\'
2020-11-30 14:16:42|   0.7|  0.0|INFORM|FME Configuration: FME_BASE is 'no'
2020-11-30 14:16:42|   0.7|  0.0|INFORM|FME Configuration: FME_MF_DIR is 'C:\Users\rmbp\GIS-project\FYS-STK4155_project3\prediction_sets/'
2020-11-30 14:16:42|   0.7|  0.0|INFORM|FME Configuration: FME_MF_NAME is 'MLKRR.fmw'
2020-11-30 14:16:42|   0.7|  0.0|INFORM|FME Configuration: FME_PRODUCT_NAME is 'FME(R) 2020.1.1.1'
2020-11-30 14:16:42|   0.7|  0.0|INFORM|System Status: 297.84 GB of disk space available in the FME temporary folder (C:\Users\rmbp\AppData\Local\Temp\wbrun_1606740090241_13976\fmetmp_1606742200923_13976)
2020-11-30 14:16:42|   0.7|  0.0|INFORM|System Status: 63.92 GB of physical memory available
2020-11-30 14:16:42|   0.7|  0.0|INFORM|System Status: 255.69 GB of virtual memory available
2020-11-30 14:16:42|   0.7|  0.0|INFORM|Operating System: Microsoft Windows 10 64-bit  (Build 17763)
2020-11-30 14:16:42|   0.7|  0.0|INFORM|FME Platform: WIN64
2020-11-30 14:16:42|   0.7|  0.0|INFORM|Locale: nb_NO
2020-11-30 14:16:42|   0.7|  0.0|INFORM|System Encoding: windows-1252
2020-11-30 14:16:42|   0.7|  0.0|INFORM|FME Configuration: Start freeing memory when the process exceeds 191.76 GB
2020-11-30 14:16:42|   0.7|  0.0|INFORM|FME Configuration: Stop freeing memory when the process is below 143.82 GB
2020-11-30 14:16:42|   0.7|  0.0|INFORM|Creating writer for format: 
2020-11-30 14:16:42|   0.7|  0.0|INFORM|Creating reader for format: 
2020-11-30 14:16:42|   0.7|  0.0|INFORM|MULTI_READER(MULTI_READER): Will fail with first member reader failure
2020-11-30 14:16:42|   0.7|  0.0|INFORM|MULTI_READER(MULTI_READER): Adding XLSXR Reader with keyword XLSXR_1
2020-11-30 14:16:42|   0.7|  0.0|INFORM|Using Multi Reader with keyword `MULTI_READER' to read multiple datasets
2020-11-30 14:16:42|   0.7|  0.0|INFORM|Creating reader for format: Microsoft Excel
2020-11-30 14:16:42|   0.8|  0.0|INFORM|Trying to find a DYNAMIC plugin for reader named `XLSXR'
2020-11-30 14:16:42|   0.8|  0.0|INFORM|Loaded module 'XLSXR' from file 'C:\Program Files\FME\plugins/xlsx.dll'
2020-11-30 14:16:42|   0.8|  0.0|INFORM|FME API version of module 'XLSXR' matches current internal version (3.8 20200115)
2020-11-30 14:16:42|   0.8|  0.0|INFORM|XLSXR reader: Building features into bulk mode features
2020-11-30 14:16:42|   0.8|  0.0|INFORM|Using MultiWriter with keyword `MULTI_WRITER' to output data (ID_ATTRIBUTE is `multi_writer_id')
2020-11-30 14:16:42|   0.8|  0.0|INFORM|Writer output will be ordered by value of multi_writer_id
2020-11-30 14:16:42|   0.8|  0.0|INFORM|Loaded module 'LogCount_func' from file 'C:\Program Files\FME\plugins/LogCount_func.dll'
2020-11-30 14:16:42|   0.8|  0.0|INFORM|FME API version of module 'LogCount_func' matches current internal version (3.8 20200115)
2020-11-30 14:16:42|   0.8|  0.0|INFORM|Loaded module 'Geometry_func' from file 'C:\Program Files\FME\plugins/Geometry_func.dll'
2020-11-30 14:16:42|   0.8|  0.0|INFORM|FME API version of module 'Geometry_func' matches current internal version (3.8 20200115)
2020-11-30 14:16:42|   0.8|  0.0|INFORM|Excel Reader: Output cell formulas: 'false'
2020-11-30 14:16:42|   0.8|  0.0|INFORM|Excel Reader: Output cell formatting: 'false'
2020-11-30 14:16:42|   0.8|  0.0|INFORM|Excel Reader: Output cell comments: 'false'
2020-11-30 14:16:42|   0.8|  0.0|INFORM|Excel Reader: Force full datetime values: 'false'
2020-11-30 14:16:42|   0.8|  0.0|INFORM|Excel Reader: Opening dataset 'C:\Users\rmbp\GIS-project\FYS-STK4155_project3\prediction_sets\KRR_opt_pred.xlsx'...
2020-11-30 14:16:42|   0.8|  0.1|INFORM|Excel Reader: Reading sheet 'Sheet2/KRR_opt_pred'...
2020-11-30 14:16:42|   0.8|  0.0|INFORM|Excel Reader: Sheet 'Sheet2/KRR_opt_pred' range: Start Row '1', Start Column 'A', End Row '2842', End Column 'C'
2020-11-30 14:16:42|   0.8|  0.0|INFORM|fme-binary
2020-11-30 14:16:42|   0.8|  0.0|INFORM|... Last line repeated 2 times ...
2020-11-30 14:16:42|   0.8|  0.0|INFORM|FME Configuration: Source coordinate system for reader XLSXR_1[XLSXR] set to `LL-WGS84' as read from input data
2020-11-30 14:16:42|   0.8|  0.0|INFORM|Coordinate System `LL-WGS84' parameters: CS_NAME=`LL-WGS84' DESC_NM=`WGS84 Lat/Longs' DT_NAME=`WGS84' GROUP=`LL' MAP_SCL=`1' PROJ=`LL' QUAD=`1' SCL_RED=`1' UNIT=`DEGREE'
2020-11-30 14:16:42|   0.9|  0.1|STATS |Storing feature(s) to FME feature store file `C:\Users\rmbp\AppData\Local\Temp\wb-cache--caTvwF\Main_Sheet2_KRR_opt_pred -1 8 -1  0  2b6998c9ee7b979c812d5eff289c125be929e376.ffsupdating'
2020-11-30 14:16:42|   0.9|  0.0|INFORM|FFS writer: Writing 2841 feature(s) to file 'C:\Users\rmbp\AppData\Local\Temp\wb-cache--caTvwF\Main_Sheet2_KRR_opt_pred -1 8 -1  0  2b6998c9ee7b979c812d5eff289c125be929e376.fts'
2020-11-30 14:16:42|   1.0|  0.0|INFORM|Spatial Index: Adding 2841 features
2020-11-30 14:16:42|   1.0|  0.1|STATS |Storing feature(s) to FME feature store file `C:\Users\rmbp\AppData\Local\Temp\wb-cache--caTvwF\Main_Tester -1 13 fo 0 PASSED  0  28c4ecc753b5b006694cc70ea814fffef48bfd7d.ffsupdating'
2020-11-30 14:16:42|   1.1|  0.0|INFORM|FFS writer: Writing 2841 feature(s) to file 'C:\Users\rmbp\AppData\Local\Temp\wb-cache--caTvwF\Main_Tester -1 13 fo 0 PASSED  0  28c4ecc753b5b006694cc70ea814fffef48bfd7d.fts'
2020-11-30 14:16:42|   1.1|  0.0|INFORM|Spatial Index: Adding 2841 features
2020-11-30 14:16:42|   1.1|  0.0|INFORM|GeometryFilter_InputPassThrough: Splitting bulk mode features into features
2020-11-30 14:16:42|   1.1|  0.0|STATS |Storing feature(s) to FME feature store file `C:\Users\rmbp\AppData\Local\Temp\wb-cache--caTvwF\Main_GeometryFilter -1 4 fo 0 POINT  0  b14f794dbce52fc525d4581825e64423c45121cb.ffsupdating'
2020-11-30 14:16:42|   1.1|  0.0|STATS |Storing feature(s) to FME feature store file `C:\Users\rmbp\AppData\Local\Temp\wb-cache--caTvwF\Main_CoordinateSystemSetter -1 16 fo 0 OUTPUT  0  36abdc3f6f5b7eb68726619d31420169a71f2b32.ffsupdating'
2020-11-30 14:16:43|   1.5|  0.4|INFORM|Creating writer for format: Esri Geodatabase (File Geodb)
2020-11-30 14:16:43|   1.6|  0.1|INFORM|Trying to find a DYNAMIC plugin for writer named `GEODATABASE_FILE'
2020-11-30 14:16:43|   1.6|  0.0|INFORM|Loaded module 'GEODATABASE_FILE' from file 'C:\Program Files\FME\GEODATABASE9.dll'
2020-11-30 14:16:43|   1.6|  0.0|INFORM|FME API version of module 'GEODATABASE_FILE' matches current internal version (3.8 20200115)
2020-11-30 14:16:43|   1.6|  0.0|INFORM|FME Configuration: No destination coordinate system set
2020-11-30 14:16:43|   1.6|  0.0|INFORM|FME API version of module 'GEODATABASE_FILE' matches current internal version (3.8 20200115)
2020-11-30 14:16:43|   1.6|  0.0|INFORM|Writer `GEODATABASE_FILE_1' of type `GEODATABASE_FILE' using group definition keyword `GEODATABASE_FILE_1_DEF'
2020-11-30 14:16:43|   1.6|  0.0|INFORM|FME API version of module 'GEODATABASE_FILE' matches current internal version (3.8 20200115)
2020-11-30 14:16:45|   2.7|  1.0|INFORM|The ArcObjects license 'Advanced' is being selected from the ESRILicenseInfo ArcObjects call
2020-11-30 14:16:45|   2.7|  0.0|INFORM|The Esri Product license used by this machine does not include licenses for the 'Advanced' licensing level
2020-11-30 14:16:45|   2.7|  0.0|ERROR |Unable to perform any licensing related tasks.  This 64-bit version of FME requires 64-bit Background Geoprocessing, ArcGIS Pro or ArcGIS Server. Refer to this this article http://fme.ly/qua for more details
2020-11-30 14:16:45|   2.7|  0.0|ERROR |GEODATABASE_FILE writer: A fatal error has occurred. Check the logfile above for details
2020-11-30 14:16:45|   2.7|  0.0|ERROR |GEODATABASE_FILE writer: A fatal error has occurred. Check the logfile above for details
2020-11-30 14:16:45|   2.7|  0.0|STATS |Stored 1 feature(s) to FME feature store file `C:\Users\rmbp\AppData\Local\Temp\wb-cache--caTvwF\Main_Sheet2_KRR_opt_pred -1 8 -1  0  2b6998c9ee7b979c812d5eff289c125be929e376.ffsupdating'
2020-11-30 14:16:45|   2.7|  0.0|INFORM|Saving spatial index into file 'C:\Users\rmbp\AppData\Local\Temp\wb-cache--caTvwF\Main_Sheet2_KRR_opt_pred -1 8 -1  0  2b6998c9ee7b979c812d5eff289c125be929e376.fsi'
2020-11-30 14:16:45|   2.7|  0.0|INFORM|Finished saving spatial index into file 'C:\Users\rmbp\AppData\Local\Temp\wb-cache--caTvwF\Main_Sheet2_KRR_opt_pred -1 8 -1  0  2b6998c9ee7b979c812d5eff289c125be929e376.fsi'
2020-11-30 14:16:45|   2.7|  0.0|STATS |Stored 1 feature(s) to FME feature store file `C:\Users\rmbp\AppData\Local\Temp\wb-cache--caTvwF\Main_Tester -1 13 fo 0 PASSED  0  28c4ecc753b5b006694cc70ea814fffef48bfd7d.ffsupdating'
2020-11-30 14:16:45|   2.7|  0.0|INFORM|Saving spatial index into file 'C:\Users\rmbp\AppData\Local\Temp\wb-cache--caTvwF\Main_Tester -1 13 fo 0 PASSED  0  28c4ecc753b5b006694cc70ea814fffef48bfd7d.fsi'
2020-11-30 14:16:45|   2.7|  0.0|INFORM|Finished saving spatial index into file 'C:\Users\rmbp\AppData\Local\Temp\wb-cache--caTvwF\Main_Tester -1 13 fo 0 PASSED  0  28c4ecc753b5b006694cc70ea814fffef48bfd7d.fsi'
2020-11-30 14:16:45|   2.7|  0.0|STATS |Stored 1 feature(s) to FME feature store file `C:\Users\rmbp\AppData\Local\Temp\wb-cache--caTvwF\Main_GeometryFilter -1 4 fo 0 POINT  0  b14f794dbce52fc525d4581825e64423c45121cb.ffsupdating'
2020-11-30 14:16:45|   2.7|  0.0|INFORM|Saving spatial index into file 'C:\Users\rmbp\AppData\Local\Temp\wb-cache--caTvwF\Main_GeometryFilter -1 4 fo 0 POINT  0  b14f794dbce52fc525d4581825e64423c45121cb.fsi'
2020-11-30 14:16:45|   2.7|  0.0|INFORM|Finished saving spatial index into file 'C:\Users\rmbp\AppData\Local\Temp\wb-cache--caTvwF\Main_GeometryFilter -1 4 fo 0 POINT  0  b14f794dbce52fc525d4581825e64423c45121cb.fsi'
2020-11-30 14:16:45|   2.7|  0.0|STATS |Stored 1 feature(s) to FME feature store file `C:\Users\rmbp\AppData\Local\Temp\wb-cache--caTvwF\Main_CoordinateSystemSetter -1 16 fo 0 OUTPUT  0  36abdc3f6f5b7eb68726619d31420169a71f2b32.ffsupdating'
2020-11-30 14:16:45|   2.7|  0.0|INFORM|Saving spatial index into file 'C:\Users\rmbp\AppData\Local\Temp\wb-cache--caTvwF\Main_CoordinateSystemSetter -1 16 fo 0 OUTPUT  0  36abdc3f6f5b7eb68726619d31420169a71f2b32.fsi'
2020-11-30 14:16:45|   2.7|  0.0|INFORM|Finished saving spatial index into file 'C:\Users\rmbp\AppData\Local\Temp\wb-cache--caTvwF\Main_CoordinateSystemSetter -1 16 fo 0 OUTPUT  0  36abdc3f6f5b7eb68726619d31420169a71f2b32.fsi'
2020-11-30 14:16:45|   2.7|  0.0|INFORM|Closing the Geodatabase writer
2020-11-30 14:16:45|   2.7|  0.0|INFORM|=-=-=-=-=-=-=-=-=-=-=-=-=-=-=-=-=-=-=-=-=-=-=-=-=-=-=-=-=-=-=-=-=-=-=-=-=-=-=-
2020-11-30 14:16:45|   2.7|  0.0|INFORM|Feature output statistics for `GEODATABASE_FILE' writer using keyword `GEODATABASE_FILE_1':
2020-11-30 14:16:45|   2.7|  0.0|STATS |=-=-=-=-=-=-=-=-=-=-=-=-=-=-=-=-=-=-=-=-=-=-=-=-=-=-=-=-=-=-=-=-=-=-=-=-=-=-=-
2020-11-30 14:16:45|   2.7|  0.0|STATS |                               Features Written
2020-11-30 14:16:45|   2.7|  0.0|STATS |=-=-=-=-=-=-=-=-=-=-=-=-=-=-=-=-=-=-=-=-=-=-=-=-=-=-=-=-=-=-=-=-=-=-=-=-=-=-=-
2020-11-30 14:16:45|   2.7|  0.0|STATS |==============================================================================
2020-11-30 14:16:45|   2.7|  0.0|STATS |Total Features Written                                                       0
2020-11-30 14:16:45|   2.7|  0.0|STATS |=-=-=-=-=-=-=-=-=-=-=-=-=-=-=-=-=-=-=-=-=-=-=-=-=-=-=-=-=-=-=-=-=-=-=-=-=-=-=-
2020-11-30 14:16:45|   2.7|  0.0|INFORM|Excel Reader: Closing dataset 'C:\Users\rmbp\GIS-project\FYS-STK4155_project3\prediction_sets\KRR_opt_pred.xlsx'...
2020-11-30 14:16:45|   2.7|  0.0|INFORM|Styles created: 2
2020-11-30 14:16:45|   2.7|  0.0|INFORM|Excel Reader: Closing dataset 'C:\Users\rmbp\GIS-project\FYS-STK4155_project3\prediction_sets\KRR_opt_pred.xlsx'...
2020-11-30 14:16:45|   2.7|  0.0|ERROR |GEODATABASE_FILE writer: A fatal error has occurred. Check the logfile above for details
2020-11-30 14:16:45|   2.7|  0.0|INFORM|Translation FAILED with 4 error(s) and 0 warning(s) (1 feature(s) output)
2020-11-30 14:16:45|   2.7|  0.0|INFORM|FME Session Duration: 3.8 seconds. (CPU: 1.5s user, 0.6s system)
2020-11-30 14:16:45|   2.7|  0.0|INFORM|END - ProcessID: 13056, peak process memory usage: 121672 kB, current process memory usage: 108204 kB
