2020-12-09 11:26:59|   0.1|  0.1|INFORM|FME 2020.1.1.1 (20200817 - Build 20614 - WIN64)
2020-12-09 11:26:59|   0.1|  0.0|INFORM|FME_HOME is 'C:\Program Files\FME\'
2020-12-09 11:26:59|   0.1|  0.0|INFORM|FME Desktop ESRI Edition (floating), FME Database Edition (node locked-crc)
2020-12-09 11:26:59|   0.1|  0.0|INFORM|Serial Number: 0
2020-12-09 11:26:59|   0.1|  0.0|INFORM|Temporary License: 14 days left.
2020-12-09 11:26:59|   0.1|  0.0|INFORM|Machine host name is: MCO-4006
2020-12-09 11:26:59|   0.1|  0.0|INFORM|START - ProcessID: 16932, peak process memory usage: 38108 kB, current process memory usage: 38108 kB
2020-12-09 11:26:59|   0.1|  0.0|INFORM|FME Configuration: Command line arguments are `C:\Program Files\FME\fme.exe' `C:/Users/rmbp/GIS-project/FYS-STK4155_project3/prediction_sets\wb-xlate-1607509614049_6296' `LOG_STANDARDOUT' `YES' `LogCountServerName' `{f2101b06-1eb3-49c8-8d77-d3518821da8f}'
2020-12-09 11:26:59|   0.1|  0.0|INFORM|FME Configuration: Connection Storage: 'C:\Users\rmbp\AppData\Roaming\Safe Software\FME\'
2020-12-09 11:26:59|   0.7|  0.6|INFORM|Shared folders for formats are : C:\Program Files\FME\datasources;C:\Users\rmbp\Documents\FME\Formats
2020-12-09 11:26:59|   0.7|  0.0|INFORM|Shared folders for transformers are : C:\Users\rmbp\AppData\Roaming\Safe Software\FME\Packages\20614-win64\transformers;C:\Program Files\FME\transformers;C:\Users\rmbp\AppData\Roaming\Safe Software\FME\FME Store\Transformers
2020-12-09 11:26:59|   0.7|  0.0|INFORM|Shared folders for coordinate systems are : C:\Users\rmbp\Documents\FME\CoordinateSystems
2020-12-09 11:26:59|   0.7|  0.0|INFORM|Shared folders for coordinate system exceptions are : C:\Users\rmbp\Documents\FME\CoordinateSystemExceptions
2020-12-09 11:26:59|   0.7|  0.0|INFORM|Shared folders for coordinate system grid overrides are : C:\Users\rmbp\Documents\FME\CoordinateSystemGridOverrides
2020-12-09 11:26:59|   0.7|  0.0|INFORM|Shared folders for CS-MAP transformation exceptions are : C:\Users\rmbp\Documents\FME\CsmapTransformationExceptions
2020-12-09 11:26:59|   0.7|  0.0|INFORM|Shared folders for transformer categories are : C:\Users\rmbp\Documents\FME\TransformerCategories
2020-12-09 11:26:59|   0.7|  0.0|INFORM|FME Configuration: Reader Keyword is `MULTI_READER'
2020-12-09 11:26:59|   0.7|  0.0|INFORM|FME Configuration: Writer Keyword is `MULTI_WRITER'
2020-12-09 11:26:59|   0.7|  0.0|INFORM|FME Configuration: Writer Group Definition Keyword is `MULTI_WRITER_DEF'
2020-12-09 11:26:59|   0.7|  0.0|INFORM|FME Configuration: Reader type is `MULTI_READER'
2020-12-09 11:26:59|   0.7|  0.0|INFORM|FME Configuration: Writer type is `MULTI_WRITER'
2020-12-09 11:26:59|   0.7|  0.0|INFORM|FME Configuration: No destination coordinate system set
2020-12-09 11:26:59|   0.7|  0.0|INFORM|FME Configuration: Current working folder is `C:\Users\rmbp\GIS-project\FYS-STK4155_project3\prediction_sets'
2020-12-09 11:26:59|   0.7|  0.0|INFORM|FME Configuration: Temporary folder is `C:\Users\rmbp\AppData\Local\Temp\wbrun_1607509284223_6296\fmetmp_1607509618242_6296', set from environment variable `FME_TEMP'
2020-12-09 11:26:59|   0.7|  0.0|INFORM|FME Configuration: FME_HOME is `C:\Program Files\FME\'
2020-12-09 11:26:59|   0.7|  0.0|INFORM|FME Configuration: FME_BASE is 'no'
2020-12-09 11:26:59|   0.7|  0.0|INFORM|FME Configuration: FME_MF_DIR is 'C:\Users\rmbp\GIS-project\FYS-STK4155_project3\prediction_sets/'
2020-12-09 11:26:59|   0.7|  0.0|INFORM|FME Configuration: FME_MF_NAME is 'sigmoid_to_gis.fmw'
2020-12-09 11:26:59|   0.7|  0.0|INFORM|FME Configuration: FME_PRODUCT_NAME is 'FME(R) 2020.1.1.1'
2020-12-09 11:26:59|   0.7|  0.0|INFORM|System Status: 299.94 GB of disk space available in the FME temporary folder (C:\Users\rmbp\AppData\Local\Temp\wbrun_1607509284223_6296\fmetmp_1607509618242_6296)
2020-12-09 11:26:59|   0.7|  0.0|INFORM|System Status: 63.92 GB of physical memory available
2020-12-09 11:26:59|   0.7|  0.0|INFORM|System Status: 255.69 GB of virtual memory available
2020-12-09 11:26:59|   0.7|  0.0|INFORM|Operating System: Microsoft Windows 10 64-bit  (Build 17763)
2020-12-09 11:26:59|   0.7|  0.0|INFORM|FME Platform: WIN64
2020-12-09 11:26:59|   0.7|  0.0|INFORM|Locale: nb_NO
2020-12-09 11:26:59|   0.7|  0.0|INFORM|System Encoding: windows-1252
2020-12-09 11:26:59|   0.7|  0.0|INFORM|FME Configuration: Start freeing memory when the process exceeds 191.76 GB
2020-12-09 11:26:59|   0.7|  0.0|INFORM|FME Configuration: Stop freeing memory when the process is below 143.82 GB
2020-12-09 11:26:59|   0.7|  0.0|INFORM|Creating writer for format: 
2020-12-09 11:26:59|   0.7|  0.0|INFORM|Creating reader for format: 
2020-12-09 11:26:59|   0.7|  0.0|INFORM|MULTI_READER(MULTI_READER): Will fail with first member reader failure
2020-12-09 11:26:59|   0.7|  0.0|INFORM|MULTI_READER(MULTI_READER): Adding XLSXR Reader with keyword XLSXR_1
2020-12-09 11:26:59|   0.7|  0.0|INFORM|Using Multi Reader with keyword `MULTI_READER' to read multiple datasets
2020-12-09 11:26:59|   0.7|  0.0|INFORM|Creating reader for format: Microsoft Excel
2020-12-09 11:26:59|   0.7|  0.0|INFORM|Trying to find a DYNAMIC plugin for reader named `XLSXR'
2020-12-09 11:26:59|   0.8|  0.0|INFORM|Loaded module 'XLSXR' from file 'C:\Program Files\FME\plugins/xlsx.dll'
2020-12-09 11:26:59|   0.8|  0.0|INFORM|FME API version of module 'XLSXR' matches current internal version (3.8 20200115)
2020-12-09 11:26:59|   0.8|  0.0|INFORM|XLSXR reader: Building features into bulk mode features
2020-12-09 11:26:59|   0.8|  0.0|INFORM|Using MultiWriter with keyword `MULTI_WRITER' to output data (ID_ATTRIBUTE is `multi_writer_id')
2020-12-09 11:26:59|   0.8|  0.0|INFORM|Writer output will be ordered by value of multi_writer_id
2020-12-09 11:26:59|   0.8|  0.0|INFORM|Loaded module 'LogCount_func' from file 'C:\Program Files\FME\plugins/LogCount_func.dll'
2020-12-09 11:26:59|   0.8|  0.0|INFORM|FME API version of module 'LogCount_func' matches current internal version (3.8 20200115)
2020-12-09 11:26:59|   0.8|  0.0|INFORM|Loaded module 'Geometry_func' from file 'C:\Program Files\FME\plugins/Geometry_func.dll'
2020-12-09 11:26:59|   0.8|  0.0|INFORM|FME API version of module 'Geometry_func' matches current internal version (3.8 20200115)
2020-12-09 11:26:59|   0.8|  0.0|INFORM|Excel Reader: Output cell formulas: 'false'
2020-12-09 11:26:59|   0.8|  0.0|INFORM|Excel Reader: Output cell formatting: 'false'
2020-12-09 11:26:59|   0.8|  0.0|INFORM|Excel Reader: Output cell comments: 'false'
2020-12-09 11:26:59|   0.8|  0.0|INFORM|Excel Reader: Force full datetime values: 'false'
2020-12-09 11:26:59|   0.8|  0.0|INFORM|Excel Reader: Opening dataset 'C:\Users\rmbp\GIS-project\FYS-STK4155_project3\prediction_sets\Sigmoid_NN_opt.xlsx'...
2020-12-09 11:26:59|   0.9|  0.1|INFORM|Excel Reader: Reading sheet 'Sheet2'...
2020-12-09 11:26:59|   0.9|  0.0|INFORM|Excel Reader: Sheet 'Sheet2' range: Start Row '1', Start Column 'A', End Row '2842', End Column 'C'
2020-12-09 11:26:59|   0.9|  0.0|INFORM|fme-binary
2020-12-09 11:26:59|   0.9|  0.0|INFORM|... Last line repeated 2 times ...
2020-12-09 11:26:59|   0.9|  0.0|INFORM|FME Configuration: Source coordinate system for reader XLSXR_1[XLSXR] set to `LL-WGS84' as read from input data
2020-12-09 11:26:59|   0.9|  0.0|INFORM|Coordinate System `LL-WGS84' parameters: CS_NAME=`LL-WGS84' DESC_NM=`WGS84 Lat/Longs' DT_NAME=`WGS84' GROUP=`LL' MAP_SCL=`1' PROJ=`LL' QUAD=`1' SCL_RED=`1' UNIT=`DEGREE'
2020-12-09 11:26:59|   0.9|  0.1|STATS |Storing feature(s) to FME feature store file `C:\Users\rmbp\AppData\Local\Temp\wb-cache--ZMpCYK\Main_Sheet2 -1 2 -1  0  f5ff85309b418f67648b0fd8353ffd4b7149387b.ffsupdating'
2020-12-09 11:27:00|   0.9|  0.0|INFORM|FFS writer: Writing 2841 feature(s) to file 'C:\Users\rmbp\AppData\Local\Temp\wb-cache--ZMpCYK\Main_Sheet2 -1 2 -1  0  f5ff85309b418f67648b0fd8353ffd4b7149387b.fts'
2020-12-09 11:27:00|   1.0|  0.0|INFORM|Spatial Index: Adding 2841 features
2020-12-09 11:27:00|   1.1|  0.2|STATS |Storing feature(s) to FME feature store file `C:\Users\rmbp\AppData\Local\Temp\wb-cache--ZMpCYK\Main_NullAttributeMapper -1 11 fo 0 OUTPUT  0  01a7b71711f6cc6240de1b243379e6fadeecef76.ffsupdating'
2020-12-09 11:27:00|   1.2|  0.0|INFORM|FFS writer: Writing 2841 feature(s) to file 'C:\Users\rmbp\AppData\Local\Temp\wb-cache--ZMpCYK\Main_NullAttributeMapper -1 11 fo 0 OUTPUT  0  01a7b71711f6cc6240de1b243379e6fadeecef76.fts'
2020-12-09 11:27:00|   1.2|  0.0|INFORM|Spatial Index: Adding 2841 features
2020-12-09 11:27:00|   1.2|  0.0|INFORM|GeometryFilter_InputPassThrough: Splitting bulk mode features into features
2020-12-09 11:27:00|   1.2|  0.0|STATS |Storing feature(s) to FME feature store file `C:\Users\rmbp\AppData\Local\Temp\wb-cache--ZMpCYK\Main_GeometryFilter -1 5 fo 0 POINT  0  b68e088b284c2b079a0d682c577ebefecb479517.ffsupdating'
2020-12-09 11:27:00|   1.2|  0.0|STATS |Storing feature(s) to FME feature store file `C:\Users\rmbp\AppData\Local\Temp\wb-cache--ZMpCYK\Main_CoordinateSystemSetter -1 14 fo 0 OUTPUT  0  413b43b36d50b3cad1a2a1168d19966515d1ded6.ffsupdating'
2020-12-09 11:27:00|   1.7|  0.5|INFORM|Creating writer for format: Esri Geodatabase (File Geodb)
2020-12-09 11:27:00|   1.8|  0.1|INFORM|Trying to find a DYNAMIC plugin for writer named `GEODATABASE_FILE'
2020-12-09 11:27:00|   1.8|  0.0|INFORM|Loaded module 'GEODATABASE_FILE' from file 'C:\Program Files\FME\GEODATABASE9.dll'
2020-12-09 11:27:00|   1.8|  0.0|INFORM|FME API version of module 'GEODATABASE_FILE' matches current internal version (3.8 20200115)
2020-12-09 11:27:00|   1.8|  0.0|INFORM|FME Configuration: No destination coordinate system set
2020-12-09 11:27:00|   1.8|  0.0|INFORM|FME API version of module 'GEODATABASE_FILE' matches current internal version (3.8 20200115)
2020-12-09 11:27:00|   1.8|  0.0|INFORM|Writer `GEODATABASE_FILE_1' of type `GEODATABASE_FILE' using group definition keyword `GEODATABASE_FILE_1_DEF'
2020-12-09 11:27:00|   1.8|  0.0|INFORM|FME API version of module 'GEODATABASE_FILE' matches current internal version (3.8 20200115)
2020-12-09 11:27:12|   3.3|  1.5|INFORM|The ArcObjects license 'Advanced' is being selected from the ESRILicenseInfo ArcObjects call
2020-12-09 11:27:13|   3.7|  0.4|INFORM|FME has checked out an Esri license. The product checked out is 'Advanced'
2020-12-09 11:27:13|   3.7|  0.0|INFORM|Installed ArcGIS version is '2.4.1'
2020-12-09 11:27:13|   3.8|  0.1|INFORM|Connected to the File Geodatabase at 'C:\Users\rmbp\GIS-project\results_ANN.gdb'
2020-12-09 11:27:13|   3.8|  0.0|INFORM|File Geodatabase release: '10.0'
2020-12-09 11:27:13|   3.8|  0.0|INFORM|Fast deletes enabled
2020-12-09 11:27:13|   3.9|  0.0|INFORM|The 'HAS_Z_VALUES' keyword is set to 'AUTO_DETECT'. With the exception of MultiPatch feature classes, the dimensionality of new feature classes will be based on the first feature written to the feature class. (Features with no geometry are considered 2D)
2020-12-09 11:27:13|   3.9|  0.0|INFORM|A default z-value of '0' will be used for all 3D features where z-values are not provided
2020-12-09 11:27:13|   3.9|  0.0|INFORM|Geodatabase Writer: Not simplifying geometries being written to the Geodatabase
2020-12-09 11:27:13|   3.9|  0.0|INFORM|Transactions are being used by the Geodatabase Writer
2020-12-09 11:27:18|   6.7|  2.8|INFORM|Geodatabase Writer: Creating feature class `NN_sigmoid'
2020-12-09 11:27:18|   6.8|  0.1|INFORM|Geodatabase Writer: The field 'OBJECTID' in table 'NN_sigmoid' will not be updated since it is not editable
2020-12-09 11:27:18|   7.3|  0.5|INFORM|Transaction #1 was successfully committed
2020-12-09 11:27:19|   7.8|  0.5|INFORM|Transaction #2 was successfully committed
2020-12-09 11:27:19|   8.0|  0.2|INFORM|Excel Reader: Closing dataset 'C:\Users\rmbp\GIS-project\FYS-STK4155_project3\prediction_sets\Sigmoid_NN_opt.xlsx'...
2020-12-09 11:27:19|   8.0|  0.0|INFORM|Styles created: 2
2020-12-09 11:27:19|   8.0|  0.0|INFORM|Excel Reader: Closing dataset 'C:\Users\rmbp\GIS-project\FYS-STK4155_project3\prediction_sets\Sigmoid_NN_opt.xlsx'...
2020-12-09 11:27:19|   8.0|  0.0|INFORM|MULTI_READER(MULTI_READER): Done reading 2841 features from 1 readers
2020-12-09 11:27:19|   8.0|  0.0|INFORM|Emptying factory pipeline
2020-12-09 11:27:19|   8.0|  0.0|STATS |Router and Unexpected Input Remover (RoutingFactory): Tested 2841 input feature(s), wrote 2841 output feature(s): 2841 matched merge filters, 2841 were routed to output, 0 could not be routed.
2020-12-09 11:27:19|   8.0|  0.0|STATS |Unexpected Input Remover Nuker (TeeFactory): Cloned 0 input feature(s) into 0 output feature(s)
2020-12-09 11:27:19|   8.0|  0.0|STATS |Sheet2_XLSXR_1 Splitter (TeeFactory): Cloned 2841 input feature(s) into 2841 output feature(s)
2020-12-09 11:27:19|   8.0|  0.0|STATS |Sheet2_XLSXR_1 Feature Counter -1 12 (TeeFactory): Cloned 2841 input feature(s) into 2841 output feature(s)
2020-12-09 11:27:19|   8.0|  0.0|STATS |NullAttributeMapper (TeeFactory): Cloned 2841 input feature(s) into 2841 output feature(s)
2020-12-09 11:27:19|   8.0|  0.0|STATS |NullAttributeMapper_OUTPUT Feature Counter -1 13 (TeeFactory): Cloned 2841 input feature(s) into 2841 output feature(s)
2020-12-09 11:27:19|   8.0|  0.0|STATS |GeometryFilter_InputPassThrough (TeeFactory): Cloned 2841 input feature(s) into 2841 output feature(s)
2020-12-09 11:27:19|   8.0|  0.0|STATS |GeometryFilter_CollectionTest (TestFactory): Tested 2841 input feature(s) -- 0 feature(s) passed and 2841 feature(s) failed
2020-12-09 11:27:19|   8.0|  0.0|STATS |GeometryFilter_Deagg (DeaggregateFactory): Split 0 input feature(s) into 0 point-in-polygon feature(s), 0 donut polygon(s), 0 polygon(s), 0 line(s), 0 point(s), and 0 aggregate(s)
2020-12-09 11:27:19|   8.0|  0.0|STATS |GeometryFilter_RouterPrepper (TeeFactory): Cloned 2841 input feature(s) into 2841 output feature(s)
2020-12-09 11:27:19|   8.0|  0.0|STATS |GeometryFilter_Router (TestFactory): Tested 2841 input feature(s) -- 2841 feature(s) passed and 0 feature(s) failed
2020-12-09 11:27:19|   8.0|  0.0|STATS |GeometryFilter_POINT Feature Counter -1 15 (TeeFactory): Cloned 2841 input feature(s) into 2841 output feature(s)
2020-12-09 11:27:19|   8.0|  0.0|STATS |GeometryFilter_NULL Feature Counter -1 7 (TeeFactory): Cloned 0 input feature(s) into 0 output feature(s)
2020-12-09 11:27:19|   8.0|  0.0|STATS |GeometryFilter_<UNFILTERED> Feature Counter -1 2147614725 (TeeFactory): Cloned 0 input feature(s) into 0 output feature(s)
2020-12-09 11:27:19|   8.0|  0.0|STATS |CoordinateSystemSetter (TeeFactory): Cloned 2841 input feature(s) into 2841 output feature(s)
2020-12-09 11:27:19|   8.0|  0.0|STATS |Stored 1 feature(s) to FME feature store file `C:\Users\rmbp\AppData\Local\Temp\wb-cache--ZMpCYK\Main_Sheet2 -1 2 -1  0  f5ff85309b418f67648b0fd8353ffd4b7149387b.ffsupdating'
2020-12-09 11:27:19|   8.0|  0.0|INFORM|Saving spatial index into file 'C:\Users\rmbp\AppData\Local\Temp\wb-cache--ZMpCYK\Main_Sheet2 -1 2 -1  0  f5ff85309b418f67648b0fd8353ffd4b7149387b.fsi'
2020-12-09 11:27:19|   8.0|  0.0|INFORM|Finished saving spatial index into file 'C:\Users\rmbp\AppData\Local\Temp\wb-cache--ZMpCYK\Main_Sheet2 -1 2 -1  0  f5ff85309b418f67648b0fd8353ffd4b7149387b.fsi'
2020-12-09 11:27:19|   8.0|  0.0|STATS |Stored 1 feature(s) to FME feature store file `C:\Users\rmbp\AppData\Local\Temp\wb-cache--ZMpCYK\Main_NullAttributeMapper -1 11 fo 0 OUTPUT  0  01a7b71711f6cc6240de1b243379e6fadeecef76.ffsupdating'
2020-12-09 11:27:19|   8.0|  0.0|INFORM|Saving spatial index into file 'C:\Users\rmbp\AppData\Local\Temp\wb-cache--ZMpCYK\Main_NullAttributeMapper -1 11 fo 0 OUTPUT  0  01a7b71711f6cc6240de1b243379e6fadeecef76.fsi'
2020-12-09 11:27:19|   8.0|  0.0|INFORM|Finished saving spatial index into file 'C:\Users\rmbp\AppData\Local\Temp\wb-cache--ZMpCYK\Main_NullAttributeMapper -1 11 fo 0 OUTPUT  0  01a7b71711f6cc6240de1b243379e6fadeecef76.fsi'
2020-12-09 11:27:19|   8.0|  0.0|STATS |Stored 2841 feature(s) to FME feature store file `C:\Users\rmbp\AppData\Local\Temp\wb-cache--ZMpCYK\Main_GeometryFilter -1 5 fo 0 POINT  0  b68e088b284c2b079a0d682c577ebefecb479517.ffsupdating'
2020-12-09 11:27:19|   8.0|  0.0|INFORM|Saving spatial index into file 'C:\Users\rmbp\AppData\Local\Temp\wb-cache--ZMpCYK\Main_GeometryFilter -1 5 fo 0 POINT  0  b68e088b284c2b079a0d682c577ebefecb479517.fsi'
2020-12-09 11:27:19|   8.1|  0.0|INFORM|Finished saving spatial index into file 'C:\Users\rmbp\AppData\Local\Temp\wb-cache--ZMpCYK\Main_GeometryFilter -1 5 fo 0 POINT  0  b68e088b284c2b079a0d682c577ebefecb479517.fsi'
2020-12-09 11:27:19|   8.1|  0.0|STATS |Stored 2841 feature(s) to FME feature store file `C:\Users\rmbp\AppData\Local\Temp\wb-cache--ZMpCYK\Main_CoordinateSystemSetter -1 14 fo 0 OUTPUT  0  413b43b36d50b3cad1a2a1168d19966515d1ded6.ffsupdating'
2020-12-09 11:27:19|   8.1|  0.0|INFORM|Saving spatial index into file 'C:\Users\rmbp\AppData\Local\Temp\wb-cache--ZMpCYK\Main_CoordinateSystemSetter -1 14 fo 0 OUTPUT  0  413b43b36d50b3cad1a2a1168d19966515d1ded6.fsi'
2020-12-09 11:27:19|   8.1|  0.0|INFORM|Finished saving spatial index into file 'C:\Users\rmbp\AppData\Local\Temp\wb-cache--ZMpCYK\Main_CoordinateSystemSetter -1 14 fo 0 OUTPUT  0  413b43b36d50b3cad1a2a1168d19966515d1ded6.fsi'
2020-12-09 11:27:19|   8.1|  0.0|STATS |CoordinateSystemSetter_OUTPUT Feature Counter -1 16 (TeeFactory): Cloned 2841 input feature(s) into 2841 output feature(s)
2020-12-09 11:27:19|   8.1|  0.0|STATS |Destination Feature Type Routing Correlator (RoutingFactory): Tested 2841 input feature(s), wrote 2841 output feature(s): 0 matched merge filters, 2841 were routed to output, 0 could not be routed.
2020-12-09 11:27:19|   8.1|  0.0|STATS |Final Output Nuker (TeeFactory): Cloned 0 input feature(s) into 0 output feature(s)
2020-12-09 11:27:19|   8.1|  0.0|STATS |GeodatabaseRelationshipFeaturesPipeline::GeodatabaseRelationshipFeatures (SortFactory): Finished sorting a total of 0 features.
2020-12-09 11:27:19|   8.1|  0.1|INFORM|Transaction #3 (final transaction) was successfully committed
2020-12-09 11:27:19|   8.2|  0.1|INFORM|Closing the Geodatabase writer
2020-12-09 11:27:19|   8.2|  0.0|INFORM|=-=-=-=-=-=-=-=-=-=-=-=-=-=-=-=-=-=-=-=-=-=-=-=-=-=-=-=-=-=-=-=-=-=-=-=-=-=-=-
2020-12-09 11:27:19|   8.2|  0.0|INFORM|Feature output statistics for `GEODATABASE_FILE' writer using keyword `GEODATABASE_FILE_1':
2020-12-09 11:27:19|   8.2|  0.0|STATS |=-=-=-=-=-=-=-=-=-=-=-=-=-=-=-=-=-=-=-=-=-=-=-=-=-=-=-=-=-=-=-=-=-=-=-=-=-=-=-
2020-12-09 11:27:19|   8.2|  0.0|STATS |                               Features Written
2020-12-09 11:27:19|   8.2|  0.0|STATS |=-=-=-=-=-=-=-=-=-=-=-=-=-=-=-=-=-=-=-=-=-=-=-=-=-=-=-=-=-=-=-=-=-=-=-=-=-=-=-
2020-12-09 11:27:19|   8.2|  0.0|STATS |NN_sigmoid                                                                2841
2020-12-09 11:27:19|   8.2|  0.0|STATS |==============================================================================
2020-12-09 11:27:19|   8.2|  0.0|STATS |Total Features Written                                                    2841
2020-12-09 11:27:19|   8.2|  0.0|STATS |=-=-=-=-=-=-=-=-=-=-=-=-=-=-=-=-=-=-=-=-=-=-=-=-=-=-=-=-=-=-=-=-=-=-=-=-=-=-=-
2020-12-09 11:27:19|   8.2|  0.0|STATS |=-=-=-=-=-=-=-=-=-=-=-=-=-=-=-=-=-=-=-=-=-=-=-=-=-=-=-=-=-=-=-=-=-=-=-=-=-=-=-
2020-12-09 11:27:19|   8.2|  0.0|STATS |                            Features Read Summary
2020-12-09 11:27:19|   8.2|  0.0|STATS |=-=-=-=-=-=-=-=-=-=-=-=-=-=-=-=-=-=-=-=-=-=-=-=-=-=-=-=-=-=-=-=-=-=-=-=-=-=-=-
2020-12-09 11:27:19|   8.2|  0.0|STATS |Sheet2                                                                    2841
2020-12-09 11:27:19|   8.2|  0.0|STATS |==============================================================================
2020-12-09 11:27:19|   8.2|  0.0|STATS |Total Features Read                                                       2841
2020-12-09 11:27:19|   8.2|  0.0|STATS |=-=-=-=-=-=-=-=-=-=-=-=-=-=-=-=-=-=-=-=-=-=-=-=-=-=-=-=-=-=-=-=-=-=-=-=-=-=-=-
2020-12-09 11:27:19|   8.2|  0.0|STATS |=-=-=-=-=-=-=-=-=-=-=-=-=-=-=-=-=-=-=-=-=-=-=-=-=-=-=-=-=-=-=-=-=-=-=-=-=-=-=-
2020-12-09 11:27:19|   8.2|  0.0|STATS |                           Features Written Summary
2020-12-09 11:27:19|   8.2|  0.0|STATS |=-=-=-=-=-=-=-=-=-=-=-=-=-=-=-=-=-=-=-=-=-=-=-=-=-=-=-=-=-=-=-=-=-=-=-=-=-=-=-
2020-12-09 11:27:19|   8.2|  0.0|STATS |NN_sigmoid                                                                2841
2020-12-09 11:27:19|   8.2|  0.0|STATS |==============================================================================
2020-12-09 11:27:19|   8.2|  0.0|STATS |Total Features Written                                                    2841
2020-12-09 11:27:19|   8.2|  0.0|STATS |=-=-=-=-=-=-=-=-=-=-=-=-=-=-=-=-=-=-=-=-=-=-=-=-=-=-=-=-=-=-=-=-=-=-=-=-=-=-=-
2020-12-09 11:27:19|   8.2|  0.0|WARN  |-~-~-~-~-~-~-~-~-~-~-~-~-~-~-~-~-~-~-~-~-~-~-~-~-~-~-~-~-~-~-~-~-~-~-~-~-~-~-~-~-
2020-12-09 11:27:19|   8.2|  0.0|WARN  |-~                                                                             ~-
2020-12-09 11:27:19|   8.2|  0.0|WARN  |-~    Feature caches have been recorded at every stage of the translation.     ~-
2020-12-09 11:27:19|   8.2|  0.0|WARN  |-~                      To inspect the recorded features,                      ~-
2020-12-09 11:27:19|   8.2|  0.0|WARN  |-~              click the feature cache icons next to the ports.               ~-
2020-12-09 11:27:19|   8.2|  0.0|WARN  |-~                                                                             ~-
2020-12-09 11:27:19|   8.2|  0.0|WARN  |-~-~-~-~-~-~-~-~-~-~-~-~-~-~-~-~-~-~-~-~-~-~-~-~-~-~-~-~-~-~-~-~-~-~-~-~-~-~-~-~-
2020-12-09 11:27:19|   8.2|  0.0|INFORM|Translation was SUCCESSFUL with 7 warning(s) (2841 feature(s) output)
2020-12-09 11:27:19|   8.2|  0.0|INFORM|FME Session Duration: 20.9 seconds. (CPU: 5.0s user, 2.6s system)
2020-12-09 11:27:19|   8.2|  0.0|INFORM|END - ProcessID: 16932, peak process memory usage: 279424 kB, current process memory usage: 255820 kB
